<?xml version="1.0" encoding="UTF-8"?>
<coverage generated="1596046363095" clover="3.2.0">
  <project timestamp="1596046363095" name="All files">
    <metrics statements="23" coveredstatements="20" conditionals="6" coveredconditionals="3" methods="4" coveredmethods="3" elements="33" coveredelements="26" complexity="0" loc="23" ncloc="23" packages="2" files="2" classes="2"/>
    <package name="controllers">
      <metrics statements="19" coveredstatements="16" conditionals="6" coveredconditionals="3" methods="4" coveredmethods="3"/>
      <file name="BookController.js" path="/Users/joaorodrigues/k/library/controllers/BookController.js">
        <metrics statements="19" coveredstatements="16" conditionals="6" coveredconditionals="3" methods="4" coveredmethods="3"/>
        <line num="5" count="3" type="stmt"/>
        <line num="6" count="2" type="stmt"/>
        <line num="7" count="2" type="cond" truecount="2" falsecount="0"/>
        <line num="8" count="1" type="stmt"/>
        <line num="9" count="1" type="stmt"/>
        <line num="12" count="2" type="stmt"/>
        <line num="13" count="2" type="stmt"/>
        <line num="14" count="2" type="stmt"/>
        <line num="15" count="2" type="stmt"/>
        <line num="18" count="3" type="stmt"/>
        <line num="19" count="1" type="stmt"/>
        <line num="20" count="1" type="cond" truecount="1" falsecount="1"/>
        <line num="21" count="1" type="stmt"/>
        <line num="24" count="1" type="stmt"/>
        <line num="25" count="0" type="cond" truecount="0" falsecount="2"/>
        <line num="26" count="0" type="stmt"/>
        <line num="28" count="0" type="stmt"/>
        <line num="33" count="3" type="stmt"/>
        <line num="39" count="1" type="stmt"/>
      </file>
    </package>
    <package name="models">
      <metrics statements="4" coveredstatements="4" conditionals="0" coveredconditionals="0" methods="0" coveredmethods="0"/>
      <file name="Book.js" path="/Users/joaorodrigues/k/library/models/Book.js">
        <metrics statements="4" coveredstatements="4" conditionals="0" coveredconditionals="0" methods="0" coveredmethods="0"/>
        <line num="1" count="1" type="stmt"/>
        <line num="2" count="1" type="stmt"/>
        <line num="4" count="1" type="stmt"/>
        <line num="20" count="1" type="stmt"/>
      </file>
    </package>
  </project>
</coverage>
